[27-Sep-2021 00:20:57] NOTICE: fpm is running, pid 52640
[27-Sep-2021 00:20:57] NOTICE: ready to handle connections
[27-Sep-2021 00:41:42] NOTICE: Terminating ...
[27-Sep-2021 00:41:42] NOTICE: Terminating ...
[27-Sep-2021 00:41:42] NOTICE: exiting, bye-bye!
[27-Sep-2021 00:41:48] NOTICE: fpm is running, pid 53555
[27-Sep-2021 00:41:48] NOTICE: ready to handle connections
[27-Sep-2021 13:39:17] NOTICE: Terminating ...
[27-Sep-2021 13:39:17] NOTICE: Terminating ...
[27-Sep-2021 13:39:17] NOTICE: exiting, bye-bye!
[27-Sep-2021 13:39:24] NOTICE: fpm is running, pid 56767
[27-Sep-2021 13:39:24] NOTICE: ready to handle connections
[27-Sep-2021 15:50:21] NOTICE: Terminating ...
[27-Sep-2021 15:50:21] NOTICE: Terminating ...
[27-Sep-2021 15:50:21] NOTICE: exiting, bye-bye!
[27-Sep-2021 15:53:49] NOTICE: fpm is running, pid 59007
[27-Sep-2021 15:53:49] NOTICE: ready to handle connections
[27-Sep-2021 19:09:52] NOTICE: Terminating ...
[27-Sep-2021 19:09:52] NOTICE: Terminating ...
[27-Sep-2021 19:09:52] NOTICE: exiting, bye-bye!
[27-Sep-2021 19:10:09] NOTICE: fpm is running, pid 63161
[27-Sep-2021 19:10:09] NOTICE: ready to handle connections
[29-Sep-2021 19:59:49] NOTICE: fpm is running, pid 77675
[29-Sep-2021 19:59:49] NOTICE: ready to handle connections
[02-Oct-2021 13:25:30] NOTICE: fpm is running, pid 87676
[02-Oct-2021 13:25:30] NOTICE: ready to handle connections
[02-Oct-2021 13:27:41] NOTICE: Terminating ...
[02-Oct-2021 13:27:41] NOTICE: Terminating ...
[02-Oct-2021 13:27:41] NOTICE: exiting, bye-bye!
[02-Oct-2021 13:27:46] NOTICE: fpm is running, pid 87788
[02-Oct-2021 13:27:46] NOTICE: ready to handle connections
[02-Oct-2021 21:12:43] NOTICE: Terminating ...
[02-Oct-2021 21:12:43] NOTICE: Terminating ...
[02-Oct-2021 21:12:43] NOTICE: exiting, bye-bye!
[02-Oct-2021 21:12:47] NOTICE: fpm is running, pid 88673
[02-Oct-2021 21:12:47] NOTICE: ready to handle connections
[05-Oct-2021 10:39:14] NOTICE: Terminating ...
[05-Oct-2021 10:39:14] NOTICE: Terminating ...
[05-Oct-2021 10:39:14] NOTICE: exiting, bye-bye!
[05-Oct-2021 10:39:24] NOTICE: fpm is running, pid 95380
[05-Oct-2021 10:39:24] NOTICE: ready to handle connections
